Arguments: 
  /usr/local/bin/node /snap/node/7392/bin/yarn.js

PATH: 
  /usr/local/sbin:/usr/local/bin:/usr/sbin:/usr/bin:/sbin:/bin:/usr/games:/usr/local/games:/snap/bin:/snap/bin:/home/esper/.foundry/bin

Yarn version: 
  1.22.19

Node version: 
  18.15.0

Platform: 
  linux x64

Trace: 
  Error: https://registry.yarnpkg.com/@mageswap%2fv2-core: Not found
      at params.callback [as _callback] (/snap/node/7392/lib/cli.js:66145:18)
      at self.callback (/snap/node/7392/lib/cli.js:140890:22)
      at Request.emit (node:events:513:28)
      at Request.<anonymous> (/snap/node/7392/lib/cli.js:141862:10)
      at Request.emit (node:events:513:28)
      at IncomingMessage.<anonymous> (/snap/node/7392/lib/cli.js:141784:12)
      at Object.onceWrapper (node:events:627:28)
      at IncomingMessage.emit (node:events:525:35)
      at endReadableNT (node:internal/streams/readable:1359:12)
      at process.processTicksAndRejections (node:internal/process/task_queues:82:21)

npm manifest: 
  {
    "name": "@mageswap/liquidity-staker",
    "version": "1.0.2",
    "author": "Noah Zinsmeister",
    "repository": {
      "type": "git",
      "url": "https://github.com/Uniswap/liquidity-staker"
    },
    "files": [
      "build"
    ],
    "engines": {
      "node": ">=10"
    },
    "scripts": {
      "precompile": "rimraf ./build/",
      "compile": "waffle",
      "pretest": "yarn compile",
      "test": "mocha",
      "lint": "prettier ./test/**/*.ts --check",
      "prepublishOnly": "yarn test"
    },
    "dependencies": {
      "openzeppelin-solidity-2.3.0": "npm:openzeppelin-solidity@2.3.0"
    },
    "devDependencies": {
      "@types/chai": "^4.2.12",
      "@types/mocha": "^8.0.3",
      "@mageswap/v2-core": "^1.0.1",
      "chai": "^4.2.0",
      "ethereum-waffle": "^3.1.0",
      "ethereumjs-util": "^7.0.5",
      "mocha": "^8.1.3",
      "prettier": "^2.1.1",
      "rimraf": "^3.0.2",
      "solc": "0.5.16",
      "ts-node": "^9.0.0",
      "typescript": "^4.0.2"
    }
  }

yarn manifest: 
  No manifest

Lockfile: 
  No lockfile
